<?xml version="1.0" encoding="UTF-8"?>
<beans xmlns:xsi="http://www.w3.org/2001/XMLSchema-instance"
       xmlns="http://www.springframework.org/schema/beans"
       xsi:schemaLocation="http://www.springframework.org/schema/beans
       http://www.springframework.org/schema/beans/spring-beans.xsd">

    <bean id="xmlBasedService"
          class="edu.sandbox.springcontext.xmlbasedconfiguration.service.impl.XmlBasedServiceImpl">
        <constructor-arg name="dependency" ref="dependency"/>
    </bean>

    <bean id="dependency" class="edu.sandbox.springcontext.xmlbasedconfiguration.service.impl.DependencyImpl"/>

</beans>